# JRE version: Java(TM) SE Runtime Environment (8.0_65-b17) (build 1.8.0_65-b17)
# Java VM: Java HotSpot(TM) 64-Bit Server VM (25.65-b01 mixed mode windows-amd64 compressed oops)
Heap:
 PSYoungGen      total 34816K, used 8425K [0x00000000d5c00000, 0x00000000d8b00000, 0x0000000100000000)
  eden space 33280K, 20% used [0x00000000d5c00000,0x00000000d62ca4f8,0x00000000d7c80000)
  from space 1536K, 95% used [0x00000000d8980000,0x00000000d8af0000,0x00000000d8b00000)
  to   space 5120K, 0% used [0x00000000d8100000,0x00000000d8100000,0x00000000d8600000)
 ParOldGen       total 76800K, used 10458K [0x0000000081400000, 0x0000000085f00000, 0x00000000d5c00000)
  object space 76800K, 13% used [0x0000000081400000,0x0000000081e36b40,0x0000000085f00000)
 Metaspace       used 21448K, capacity 22276K, committed 22400K, reserved 1069056K
  class space    used 2910K, capacity 3099K, committed 3200K, reserved 1048576K
GC Heap History (10 events):
Event: 4.056 GC heap before
{Heap before GC invocations=1 (full 0):
 PSYoungGen      total 38400K, used 33280K [0x00000000d5c00000, 0x00000000d8680000, 0x0000000100000000)
  eden space 33280K, 100% used [0x00000000d5c00000,0x00000000d7c80000,0x00000000d7c80000)
  from space 5120K, 0% used [0x00000000d8180000,0x00000000d8180000,0x00000000d8680000)
  to   space 5120K, 0% used [0x00000000d7c80000,0x00000000d7c80000,0x00000000d8180000)
 ParOldGen       total 87552K, used 0K [0x0000000081400000, 0x0000000086980000, 0x00000000d5c00000)
  object space 87552K, 0% used [0x0000000081400000,0x0000000081400000,0x0000000086980000)
 Metaspace       used 15558K, capacity 16084K, committed 16256K, reserved 1062912K
  class space    used 2228K, capacity 2377K, committed 2432K, reserved 1048576K
Event: 4.064 GC heap after
Heap after GC invocations=1 (full 0):
 PSYoungGen      total 38400K, used 4416K [0x00000000d5c00000, 0x00000000d8680000, 0x0000000100000000)
  eden space 33280K, 0% used [0x00000000d5c00000,0x00000000d5c00000,0x00000000d7c80000)
  from space 5120K, 86% used [0x00000000d7c80000,0x00000000d80d0020,0x00000000d8180000)
  to   space 5120K, 0% used [0x00000000d8180000,0x00000000d8180000,0x00000000d8680000)
 ParOldGen       total 87552K, used 80K [0x0000000081400000, 0x0000000086980000, 0x00000000d5c00000)
  object space 87552K, 0% used [0x0000000081400000,0x0000000081414010,0x0000000086980000)
 Metaspace       used 15558K, capacity 16084K, committed 16256K, reserved 1062912K
  class space    used 2228K, capacity 2377K, committed 2432K, reserved 1048576K
}
Event: 7.763 GC heap before
{Heap before GC invocations=2 (full 0):
 PSYoungGen      total 38400K, used 35761K [0x00000000d5c00000, 0x00000000d8680000, 0x0000000100000000)
  eden space 33280K, 94% used [0x00000000d5c00000,0x00000000d7a9c480,0x00000000d7c80000)
  from space 5120K, 86% used [0x00000000d7c80000,0x00000000d80d0020,0x00000000d8180000)
  to   space 5120K, 0% used [0x00000000d8180000,0x00000000d8180000,0x00000000d8680000)
 ParOldGen       total 87552K, used 80K [0x0000000081400000, 0x0000000086980000, 0x00000000d5c00000)
  object space 87552K, 0% used [0x0000000081400000,0x0000000081414010,0x0000000086980000)
 Metaspace       used 20300K, capacity 21132K, committed 21296K, reserved 1067008K
  class space    used 2888K, capacity 3091K, committed 3200K, reserved 1048576K
Event: 7.782 GC heap after
Heap after GC invocations=2 (full 0):
 PSYoungGen      total 38400K, used 5090K [0x00000000d5c00000, 0x00000000d8680000, 0x0000000100000000)
  eden space 33280K, 0% used [0x00000000d5c00000,0x00000000d5c00000,0x00000000d7c80000)
  from space 5120K, 99% used [0x00000000d8180000,0x00000000d8678ab0,0x00000000d8680000)
  to   space 5120K, 0% used [0x00000000d7c80000,0x00000000d7c80000,0x00000000d8180000)
 ParOldGen       total 87552K, used 7560K [0x0000000081400000, 0x0000000086980000, 0x00000000d5c00000)
  object space 87552K, 8% used [0x0000000081400000,0x0000000081b62070,0x0000000086980000)
 Metaspace       used 20300K, capacity 21132K, committed 21296K, reserved 1067008K
  class space    used 2888K, capacity 3091K, committed 3200K, reserved 1048576K
}
Event: 7.782 GC heap before
{Heap before GC invocations=3 (full 1):
 PSYoungGen      total 38400K, used 5090K [0x00000000d5c00000, 0x00000000d8680000, 0x0000000100000000)
  eden space 33280K, 0% used [0x00000000d5c00000,0x00000000d5c00000,0x00000000d7c80000)
  from space 5120K, 99% used [0x00000000d8180000,0x00000000d8678ab0,0x00000000d8680000)
  to   space 5120K, 0% used [0x00000000d7c80000,0x00000000d7c80000,0x00000000d8180000)
 ParOldGen       total 87552K, used 7560K [0x0000000081400000, 0x0000000086980000, 0x00000000d5c00000)
  object space 87552K, 8% used [0x0000000081400000,0x0000000081b62070,0x0000000086980000)
 Metaspace       used 20300K, capacity 21132K, committed 21296K, reserved 1067008K
  class space    used 2888K, capacity 3091K, committed 3200K, reserved 1048576K
Event: 7.842 GC heap after
Heap after GC invocations=3 (full 1):
 PSYoungGen      total 38400K, used 0K [0x00000000d5c00000, 0x00000000d8680000, 0x0000000100000000)
  eden space 33280K, 0% used [0x00000000d5c00000,0x00000000d5c00000,0x00000000d7c80000)
  from space 5120K, 0% used [0x00000000d8180000,0x00000000d8180000,0x00000000d8680000)
  to   space 5120K, 0% used [0x00000000d7c80000,0x00000000d7c80000,0x00000000d8180000)
 ParOldGen       total 76800K, used 10458K [0x0000000081400000, 0x0000000085f00000, 0x00000000d5c00000)
  object space 76800K, 13% used [0x0000000081400000,0x0000000081e36b40,0x0000000085f00000)
 Metaspace       used 20300K, capacity 21132K, committed 21296K, reserved 1067008K
  class space    used 2888K, capacity 3091K, committed 3200K, reserved 1048576K
}
Event: 10.647 GC heap before
{Heap before GC invocations=4 (full 1):
 PSYoungGen      total 38400K, used 33280K [0x00000000d5c00000, 0x00000000d8680000, 0x0000000100000000)
  eden space 33280K, 100% used [0x00000000d5c00000,0x00000000d7c80000,0x00000000d7c80000)
  from space 5120K, 0% used [0x00000000d8180000,0x00000000d8180000,0x00000000d8680000)
  to   space 5120K, 0% used [0x00000000d7c80000,0x00000000d7c80000,0x00000000d8180000)
 ParOldGen       total 76800K, used 10458K [0x0000000081400000, 0x0000000085f00000, 0x00000000d5c00000)
  object space 76800K, 13% used [0x0000000081400000,0x0000000081e36b40,0x0000000085f00000)
 Metaspace       used 21145K, capacity 22002K, committed 22144K, reserved 1069056K
  class space    used 2906K, capacity 3096K, committed 3200K, reserved 1048576K
Event: 10.650 GC heap after
Heap after GC invocations=4 (full 1):
 PSYoungGen      total 38400K, used 960K [0x00000000d5c00000, 0x00000000d8e80000, 0x0000000100000000)
  eden space 33280K, 0% used [0x00000000d5c00000,0x00000000d5c00000,0x00000000d7c80000)
  from space 5120K, 18% used [0x00000000d7c80000,0x00000000d7d70000,0x00000000d8180000)
  to   space 5120K, 0% used [0x00000000d8980000,0x00000000d8980000,0x00000000d8e80000)
 ParOldGen       total 76800K, used 10458K [0x0000000081400000, 0x0000000085f00000, 0x00000000d5c00000)
  object space 76800K, 13% used [0x0000000081400000,0x0000000081e36b40,0x0000000085f00000)
 Metaspace       used 21145K, capacity 22002K, committed 22144K, reserved 1069056K
  class space    used 2906K, capacity 3096K, committed 3200K, reserved 1048576K
}
Event: 12.859 GC heap before
{Heap before GC invocations=5 (full 1):
 PSYoungGen      total 38400K, used 34240K [0x00000000d5c00000, 0x00000000d8e80000, 0x0000000100000000)
  eden space 33280K, 100% used [0x00000000d5c00000,0x00000000d7c80000,0x00000000d7c80000)
  from space 5120K, 18% used [0x00000000d7c80000,0x00000000d7d70000,0x00000000d8180000)
  to   space 5120K, 0% used [0x00000000d8980000,0x00000000d8980000,0x00000000d8e80000)
 ParOldGen       total 76800K, used 10458K [0x0000000081400000, 0x0000000085f00000, 0x00000000d5c00000)
  object space 76800K, 13% used [0x0000000081400000,0x0000000081e36b40,0x0000000085f00000)
 Metaspace       used 21338K, capacity 22200K, committed 22400K, reserved 1069056K
  class space    used 2908K, capacity 3097K, committed 3200K, reserved 1048576K
Event: 12.862 GC heap after
Heap after GC invocations=5 (full 1):
 PSYoungGen      total 34816K, used 1472K [0x00000000d5c00000, 0x00000000d8b00000, 0x0000000100000000)
  eden space 33280K, 0% used [0x00000000d5c00000,0x00000000d5c00000,0x00000000d7c80000)
  from space 1536K, 95% used [0x00000000d8980000,0x00000000d8af0000,0x00000000d8b00000)
  to   space 5120K, 0% used [0x00000000d8100000,0x00000000d8100000,0x00000000d8600000)
 ParOldGen       total 76800K, used 10458K [0x0000000081400000, 0x0000000085f00000, 0x00000000d5c00000)
  object space 76800K, 13% used [0x0000000081400000,0x0000000081e36b40,0x0000000085f00000)
 Metaspace       used 21338K, capacity 22200K, committed 22400K, reserved 1069056K
  class space    used 2908K, capacity 3097K, committed 3200K, reserved 1048576K
}

